<?xml version="1.0" encoding="UTF-8"?>
<!-- Generated by org.testng.reporters.JUnitReportReporter -->
<testsuite skipped="0" hostname="EVC156-2" name="com.qa.amazon.testcases.TodayDealsTestcases" tests="3" failures="0" timestamp="2022-05-10T06:15:51 IST" time="0.384" errors="0">
  <testcase name="verifySearchbox" time="0.283" classname="com.qa.amazon.testcases.TodayDealsTestcases"/>
  <system-out/>
  <testcase name="verifySearchboxbtn" time="0.029" classname="com.qa.amazon.testcases.TodayDealsTestcases"/>
  <system-out/>
  <testcase name="verifyPrimebtn" time="0.072" classname="com.qa.amazon.testcases.TodayDealsTestcases"/>
  <system-out/>
</testsuite> <!-- com.qa.amazon.testcases.TodayDealsTestcases -->
