<?xml version="1.0" encoding="UTF-8"?>
<!-- Generated by org.testng.reporters.JUnitReportReporter -->
<testsuite skipped="1" hostname="EVC156-2" name="com.qa.amazon.testcases.HomepageTestcases" tests="4" failures="0" timestamp="2022-05-10T06:15:51 IST" time="0.468" errors="0">
  <testcase name="verifyTitle" time="0.363" classname="com.qa.amazon.testcases.HomepageTestcases"/>
  <system-out/>
  <testcase name="veriftySearchBox" time="0.064" classname="com.qa.amazon.testcases.HomepageTestcases"/>
  <system-out/>
  <testcase name="verifySearchBoxbtn" time="0.041" classname="com.qa.amazon.testcases.HomepageTestcases"/>
  <system-out/>
  <testcase name="verifySignbtn" classname="com.qa.amazon.testcases.HomepageTestcases">
    <skipped/>
  </testcase> <!-- verifySignbtn -->
  <system-out/>
</testsuite> <!-- com.qa.amazon.testcases.HomepageTestcases -->
